::group::🔧 Initialization
Loaded 31 sources.
::endgroup::
::group::🧹 Cleaning Orphan Files
Deleting orphan: rulesets/block/domain/github.com/ads.txt
Deleting orphan: rulesets/block/domain/github.com/category-ads-all.txt
Deleting orphan: rulesets/block/domain/github/reject-list.txt
Deleting orphan: rulesets/block/domain/github/reject.txt
Deleting orphan: rulesets/block/domain/github/win-extra.txt
Deleting orphan: rulesets/block/domain/github/win-spy.txt
Deleting orphan: rulesets/direct/domain/github.com/microsoft-cn.txt
Deleting orphan: rulesets/direct/domain/github/apple-cn.txt
Deleting orphan: rulesets/direct/domain/github/direct-list.txt
Deleting orphan: rulesets/direct/domain/github/geolocation-cn.txt
Deleting orphan: rulesets/direct/domain/github/private.txt
Deleting orphan: rulesets/direct/ipcidr/github/cn.txt
Deleting orphan: rulesets/direct/ipcidr/github/cncidr.txt
Deleting orphan: rulesets/direct/ipcidr/github/lancidr.txt
Deleting orphan: rulesets/policy/domain/github/gfw.txt
Deleting orphan: rulesets/policy/domain/github/proxy-list.txt
Deleting orphan: rulesets/policy/domain/github/proxy.txt
::endgroup::
::group::⚙️ [block/domain] MetaCubeX/category-ads-all.list
Source: https://github.com/MetaCubeX/meta-rules-dat/raw/refs/heads/meta/geo/geosite/category-ads-all.list
Target: rulesets/block/domain/MetaCubeX/category-ads-all.txt
SUCCESS: Saved 579 lines.
::endgroup::
::group::⚙️ [block/domain] DustinWin/ads.list
Source: https://github.com/DustinWin/ruleset_geodata/releases/download/mihomo-ruleset/ads.list
Target: rulesets/block/domain/DustinWin/ads.txt
SUCCESS: Saved 96931 lines.
::endgroup::
::group::⚙️ [block/domain] Loyalsoldier/reject-list.txt
Source: https://raw.githubusercontent.com/Loyalsoldier/v2ray-rules-dat/release/reject-list.txt
Target: rulesets/block/domain/Loyalsoldier/reject-list.txt
SUCCESS: Saved 128309 lines.
::endgroup::
::group::⚙️ [block/domain] Loyalsoldier/win-extra.txt
Source: https://raw.githubusercontent.com/Loyalsoldier/v2ray-rules-dat/release/win-extra.txt
Target: rulesets/block/domain/Loyalsoldier/win-extra.txt
SUCCESS: Saved 399 lines.
::endgroup::
::group::⚙️ [block/domain] Loyalsoldier/win-spy.txt
Source: https://raw.githubusercontent.com/Loyalsoldier/v2ray-rules-dat/release/win-spy.txt
Target: rulesets/block/domain/Loyalsoldier/win-spy.txt
SUCCESS: Saved 347 lines.
::endgroup::
::group::⚙️ [block/domain] Loyalsoldier/reject.txt
Source: https://raw.githubusercontent.com/Loyalsoldier/clash-rules/release/reject.txt
Target: rulesets/block/domain/Loyalsoldier/reject.txt
SUCCESS: Saved 128309 lines.
::endgroup::
::group::⚙️ [direct/domain] Loyalsoldier/private.txt
Source: https://raw.githubusercontent.com/Loyalsoldier/clash-rules/release/private.txt
Target: rulesets/direct/domain/Loyalsoldier/private.txt
SUCCESS: Saved 123 lines.
::endgroup::
::group::⚙️ [direct/domain] Loyalsoldier/direct-list.txt
Source: https://raw.githubusercontent.com/Loyalsoldier/v2ray-rules-dat/release/direct-list.txt
Target: rulesets/direct/domain/Loyalsoldier/direct-list.txt
SUCCESS: Saved 116378 lines.
::endgroup::
::group::⚙️ [direct/domain] Loyalsoldier/apple-cn.txt
Source: https://raw.githubusercontent.com/Loyalsoldier/v2ray-rules-dat/release/apple-cn.txt
Target: rulesets/direct/domain/Loyalsoldier/apple-cn.txt
SUCCESS: Saved 0 lines.
::endgroup::
::group::⚙️ [direct/domain] MetaCubeX/geolocation-cn.list
Source: https://raw.githubusercontent.com/MetaCubeX/meta-rules-dat/refs/heads/meta/geo/geosite/geolocation-cn.list
Target: rulesets/direct/domain/MetaCubeX/geolocation-cn.txt
SUCCESS: Saved 6032 lines.
::endgroup::
::group::⚙️ [direct/domain] DustinWin/microsoft-cn.list
Source: https://github.com/DustinWin/ruleset_geodata/releases/download/mihomo-ruleset/microsoft-cn.list
Target: rulesets/direct/domain/DustinWin/microsoft-cn.txt
SUCCESS: Saved 168 lines.
::endgroup::
::group::⚙️ [policy/domain] Loyalsoldier/proxy.txt
Source: https://raw.githubusercontent.com/Loyalsoldier/clash-rules/release/proxy.txt
Target: rulesets/policy/domain/Loyalsoldier/proxy.txt
SUCCESS: Saved 26132 lines.
::endgroup::
::group::⚙️ [policy/domain] Loyalsoldier/gfw.txt
Source: https://raw.githubusercontent.com/Loyalsoldier/clash-rules/release/gfw.txt
Target: rulesets/policy/domain/Loyalsoldier/gfw.txt
SUCCESS: Saved 5956 lines.
::endgroup::
::group::⚙️ [policy/domain] Loyalsoldier/proxy-list.txt
Source: https://raw.githubusercontent.com/Loyalsoldier/v2ray-rules-dat/release/proxy-list.txt
Target: rulesets/policy/domain/Loyalsoldier/proxy-list.txt
SUCCESS: Saved 25524 lines.
::endgroup::
::group::⚙️ [policy/domain] Loyalsoldier/gfw.txt
Source: https://raw.githubusercontent.com/Loyalsoldier/v2ray-rules-dat/release/gfw.txt
Target: rulesets/policy/domain/Loyalsoldier/gfw.txt
SUCCESS: Saved 5956 lines.
::endgroup::
::group::⚙️ [policy/domain] gh-proxy.com/category-ai-!cn.list
Source: https://gh-proxy.com/https://github.com/MetaCubeX/meta-rules-dat/raw/refs/heads/meta/geo/geosite/category-ai-!cn.list
Target: rulesets/policy/domain/gh-proxy.com/category-ai-!cn.txt
SUCCESS: Saved 88 lines.
::endgroup::
::group::⚙️ [direct/ipcidr] Loyalsoldier/cncidr.txt
Source: https://raw.githubusercontent.com/Loyalsoldier/clash-rules/release/cncidr.txt
Target: rulesets/direct/ipcidr/Loyalsoldier/cncidr.txt
SUCCESS: Saved 18822 lines.
::endgroup::
::group::⚙️ [direct/ipcidr] MetaCubeX/cn.list
Source: https://raw.githubusercontent.com/MetaCubeX/meta-rules-dat/refs/heads/meta/geo/geoip/cn.list
Target: rulesets/direct/ipcidr/MetaCubeX/cn.txt
SUCCESS: Saved 18822 lines.
::endgroup::
::group::⚙️ [direct/ipcidr] Loyalsoldier/lancidr.txt
Source: https://raw.githubusercontent.com/Loyalsoldier/clash-rules/release/lancidr.txt
Target: rulesets/direct/ipcidr/Loyalsoldier/lancidr.txt
SUCCESS: Saved 18 lines.
::endgroup::
::group::💾 Git Commit
